<?xml version="1.0" encoding="UTF-8"?>
<!-- Generated by org.testng.reporters.JUnitReportReporter -->
<testsuite skipped="0" hostname="LT-2RHDCK3" name="Tests.FrameTest" tests="1" failures="0" timestamp="2023-03-02T16:05:51 EET" time="39.193" errors="0">
  <testcase name="MetodaTest" time="39.193" classname="Tests.FrameTest"/>
  <system-out/>
</testsuite> <!-- Tests.FrameTest -->
