<?xml version="1.0" encoding="UTF-8"?>
<!-- Generated by org.testng.reporters.JUnitReportReporter -->
<testsuite skipped="0" hostname="LT-2RHDCK3" name="Tests.RegisterTest" tests="1" failures="0" timestamp="2023-03-02T19:07:54 EET" time="13.232" errors="0">
  <testcase name="MetodaTest" time="13.232" classname="Tests.RegisterTest"/>
  <system-out/>
</testsuite> <!-- Tests.RegisterTest -->
