<?xml version="1.0" encoding="UTF-8"?>
<!-- Generated by org.testng.reporters.JUnitReportReporter -->
<testsuite skipped="0" hostname="LT-2RHDCK3" name="Tests.LoginTest" tests="1" failures="0" timestamp="2023-03-02T16:42:53 EET" time="6.027" errors="0">
  <testcase name="MetodaTest" time="6.027" classname="Tests.LoginTest"/>
  <system-out/>
</testsuite> <!-- Tests.LoginTest -->
