<?xml version="1.0" encoding="UTF-8"?>
<!-- Generated by org.testng.reporters.JUnitReportReporter -->
<testsuite skipped="0" hostname="LT-2RHDCK3" name="Tests.AlertTest" tests="1" failures="0" timestamp="2023-03-02T19:07:54 EET" time="13.430" errors="0">
  <testcase name="MetodaTest" time="13.430" classname="Tests.AlertTest"/>
  <system-out/>
</testsuite> <!-- Tests.AlertTest -->
